[2021-07-15 16:06:20.523] [info] AbstractTool arm26 loading model C:\Users\Jaxton\OneDrive\controlled-movement\arm26.osim
[2021-07-15 16:06:20.533] [info] Loaded model arm26 from file C:\Users\Jaxton\OneDrive\controlled-movement\arm26.osim
[2021-07-15 16:06:20.546] [info] Adding force object set from C:\Users\Jaxton\OneDrive\controlled-movement\Tools\reserve_actuators.xml
[2021-07-15 16:06:20.552] [info] Storage: read data file = C:\Users\Jaxton\OneDrive\controlled-movement\single_step_controls.sto (nr=1 nc=9)
[2021-07-15 16:06:20.571] [warning] Running tool arm26...
[2021-07-15 16:06:20.572] [info] No external loads will be applied (external loads file not specified).
[2021-07-15 16:06:20.578] [info] Storage: read data file = C:\Users\Jaxton\OneDrive\controlled-movement\single_step_controls.sto (nr=1 nc=9)
[2021-07-15 16:06:20.578] [warning] ControlSetController::extendFinalizeFromProperties 'C:\Users\Jaxton\OneDrive\controlled-movement\single_step_controls.sto' loaded and will replace existing ControlSet 'Control Set'.
[2021-07-15 16:06:20.582] [cout] [info] MODEL: arm26

numStates = 16
numCoordinates = 2
numSpeeds = 2
numActuators = 8
numBodies = 3
numConstraints = 0
numProbes = 0

ANALYSES (total: 0)

BODIES (total: 3)
body[0] = base. mass: 0
              moments of inertia:  ~[0,0,0]
              products of inertia: ~[0,0,0]
body[1] = r_humerus. mass: 1.86457
              moments of inertia:  ~[0.01481,0.004551,0.013193]
              products of inertia: ~[0,0,0]
body[2] = r_ulna_radius_hand. mass: 1.53432
              moments of inertia:  ~[0.019281,0.001571,0.020062]
              products of inertia: ~[0,0,0]

JOINTS (total: 3)
joint[0] = offset. parent: ground_offset, child: base_offset
joint[1] = r_shoulder. parent: base_offset, child: r_humerus_offset
joint[2] = r_elbow. parent: r_humerus_offset, child: r_ulna_radius_hand_offset

ACTUATORS (total: 8)
actuator[0] = TRIlong
actuator[1] = TRIlat
actuator[2] = TRImed
actuator[3] = BIClong
actuator[4] = BICshort
actuator[5] = BRA
actuator[6] = r_shoulder_elev_reserve
actuator[7] = r_elbow_flex_reserve

STATES (total: 16)
y[0] = /jointset/r_shoulder/r_shoulder_elev/value
y[1] = /jointset/r_shoulder/r_shoulder_elev/speed
y[2] = /jointset/r_elbow/r_elbow_flex/value
y[3] = /jointset/r_elbow/r_elbow_flex/speed
y[4] = /forceset/TRIlong/activation
y[5] = /forceset/TRIlong/fiber_length
y[6] = /forceset/TRIlat/activation
y[7] = /forceset/TRIlat/fiber_length
y[8] = /forceset/TRImed/activation
y[9] = /forceset/TRImed/fiber_length
y[10] = /forceset/BIClong/activation
y[11] = /forceset/BIClong/fiber_length
y[12] = /forceset/BICshort/activation
y[13] = /forceset/BICshort/fiber_length
y[14] = /forceset/BRA/activation
y[15] = /forceset/BRA/fiber_length

[2021-07-15 16:06:20.582] [info] Integrating from 0.0 to 0.01.
[2021-07-15 16:06:20.646] [info] Printing results of investigation arm26 to SS_Results
[2021-07-15 16:06:31.739] [warning] Running tool arm26...
[2021-07-15 16:06:31.740] [info] No external loads will be applied (external loads file not specified).
[2021-07-15 16:06:31.747] [info] Storage: read data file = C:\Users\Jaxton\OneDrive\controlled-movement\single_step_controls.sto (nr=1 nc=9)
[2021-07-15 16:06:31.748] [warning] ControlSetController::extendFinalizeFromProperties 'C:\Users\Jaxton\OneDrive\controlled-movement\single_step_controls.sto' loaded and will replace existing ControlSet 'Control Set'.
[2021-07-15 16:06:31.753] [cout] [info] MODEL: arm26

numStates = 16
numCoordinates = 2
numSpeeds = 2
numActuators = 8
numBodies = 3
numConstraints = 0
numProbes = 0

ANALYSES (total: 0)

BODIES (total: 3)
body[0] = base. mass: 0
              moments of inertia:  ~[0,0,0]
              products of inertia: ~[0,0,0]
body[1] = r_humerus. mass: 1.86457
              moments of inertia:  ~[0.01481,0.004551,0.013193]
              products of inertia: ~[0,0,0]
body[2] = r_ulna_radius_hand. mass: 1.53432
              moments of inertia:  ~[0.019281,0.001571,0.020062]
              products of inertia: ~[0,0,0]

JOINTS (total: 3)
joint[0] = offset. parent: ground_offset, child: base_offset
joint[1] = r_shoulder. parent: base_offset, child: r_humerus_offset
joint[2] = r_elbow. parent: r_humerus_offset, child: r_ulna_radius_hand_offset

ACTUATORS (total: 8)
actuator[0] = TRIlong
actuator[1] = TRIlat
actuator[2] = TRImed
actuator[3] = BIClong
actuator[4] = BICshort
actuator[5] = BRA
actuator[6] = r_shoulder_elev_reserve
actuator[7] = r_elbow_flex_reserve

STATES (total: 16)
y[0] = /jointset/r_shoulder/r_shoulder_elev/value
y[1] = /jointset/r_shoulder/r_shoulder_elev/speed
y[2] = /jointset/r_elbow/r_elbow_flex/value
y[3] = /jointset/r_elbow/r_elbow_flex/speed
y[4] = /forceset/TRIlong/activation
y[5] = /forceset/TRIlong/fiber_length
y[6] = /forceset/TRIlat/activation
y[7] = /forceset/TRIlat/fiber_length
y[8] = /forceset/TRImed/activation
y[9] = /forceset/TRImed/fiber_length
y[10] = /forceset/BIClong/activation
y[11] = /forceset/BIClong/fiber_length
y[12] = /forceset/BICshort/activation
y[13] = /forceset/BICshort/fiber_length
y[14] = /forceset/BRA/activation
y[15] = /forceset/BRA/fiber_length

[2021-07-15 16:06:31.753] [info] Integrating from 0.01 to 0.02.
[2021-07-15 16:06:31.821] [info] Printing results of investigation arm26 to SS_Results
[2021-07-15 16:06:32.786] [warning] Running tool arm26...
[2021-07-15 16:06:32.786] [info] No external loads will be applied (external loads file not specified).
[2021-07-15 16:06:32.792] [info] Storage: read data file = C:\Users\Jaxton\OneDrive\controlled-movement\single_step_controls.sto (nr=1 nc=9)
[2021-07-15 16:06:32.792] [warning] ControlSetController::extendFinalizeFromProperties 'C:\Users\Jaxton\OneDrive\controlled-movement\single_step_controls.sto' loaded and will replace existing ControlSet 'Control Set'.
[2021-07-15 16:06:32.797] [cout] [info] MODEL: arm26

numStates = 16
numCoordinates = 2
numSpeeds = 2
numActuators = 8
numBodies = 3
numConstraints = 0
numProbes = 0

ANALYSES (total: 0)

BODIES (total: 3)
body[0] = base. mass: 0
              moments of inertia:  ~[0,0,0]
              products of inertia: ~[0,0,0]
body[1] = r_humerus. mass: 1.86457
              moments of inertia:  ~[0.01481,0.004551,0.013193]
              products of inertia: ~[0,0,0]
body[2] = r_ulna_radius_hand. mass: 1.53432
              moments of inertia:  ~[0.019281,0.001571,0.020062]
              products of inertia: ~[0,0,0]

JOINTS (total: 3)
joint[0] = offset. parent: ground_offset, child: base_offset
joint[1] = r_shoulder. parent: base_offset, child: r_humerus_offset
joint[2] = r_elbow. parent: r_humerus_offset, child: r_ulna_radius_hand_offset

ACTUATORS (total: 8)
actuator[0] = TRIlong
actuator[1] = TRIlat
actuator[2] = TRImed
actuator[3] = BIClong
actuator[4] = BICshort
actuator[5] = BRA
actuator[6] = r_shoulder_elev_reserve
actuator[7] = r_elbow_flex_reserve

STATES (total: 16)
y[0] = /jointset/r_shoulder/r_shoulder_elev/value
y[1] = /jointset/r_shoulder/r_shoulder_elev/speed
y[2] = /jointset/r_elbow/r_elbow_flex/value
y[3] = /jointset/r_elbow/r_elbow_flex/speed
y[4] = /forceset/TRIlong/activation
y[5] = /forceset/TRIlong/fiber_length
y[6] = /forceset/TRIlat/activation
y[7] = /forceset/TRIlat/fiber_length
y[8] = /forceset/TRImed/activation
y[9] = /forceset/TRImed/fiber_length
y[10] = /forceset/BIClong/activation
y[11] = /forceset/BIClong/fiber_length
y[12] = /forceset/BICshort/activation
y[13] = /forceset/BICshort/fiber_length
y[14] = /forceset/BRA/activation
y[15] = /forceset/BRA/fiber_length

[2021-07-15 16:06:32.797] [info] Integrating from 0.02 to 0.03.
[2021-07-15 16:06:32.838] [info] Printing results of investigation arm26 to SS_Results
[2021-07-15 16:06:34.426] [warning] Running tool arm26...
[2021-07-15 16:06:34.426] [info] No external loads will be applied (external loads file not specified).
[2021-07-15 16:06:34.434] [info] Storage: read data file = C:\Users\Jaxton\OneDrive\controlled-movement\single_step_controls.sto (nr=1 nc=9)
[2021-07-15 16:06:34.434] [warning] ControlSetController::extendFinalizeFromProperties 'C:\Users\Jaxton\OneDrive\controlled-movement\single_step_controls.sto' loaded and will replace existing ControlSet 'Control Set'.
[2021-07-15 16:06:34.438] [cout] [info] MODEL: arm26

numStates = 16
numCoordinates = 2
numSpeeds = 2
numActuators = 8
numBodies = 3
numConstraints = 0
numProbes = 0

ANALYSES (total: 0)

BODIES (total: 3)
body[0] = base. mass: 0
              moments of inertia:  ~[0,0,0]
              products of inertia: ~[0,0,0]
body[1] = r_humerus. mass: 1.86457
              moments of inertia:  ~[0.01481,0.004551,0.013193]
              products of inertia: ~[0,0,0]
body[2] = r_ulna_radius_hand. mass: 1.53432
              moments of inertia:  ~[0.019281,0.001571,0.020062]
              products of inertia: ~[0,0,0]

JOINTS (total: 3)
joint[0] = offset. parent: ground_offset, child: base_offset
joint[1] = r_shoulder. parent: base_offset, child: r_humerus_offset
joint[2] = r_elbow. parent: r_humerus_offset, child: r_ulna_radius_hand_offset

ACTUATORS (total: 8)
actuator[0] = TRIlong
actuator[1] = TRIlat
actuator[2] = TRImed
actuator[3] = BIClong
actuator[4] = BICshort
actuator[5] = BRA
actuator[6] = r_shoulder_elev_reserve
actuator[7] = r_elbow_flex_reserve

STATES (total: 16)
y[0] = /jointset/r_shoulder/r_shoulder_elev/value
y[1] = /jointset/r_shoulder/r_shoulder_elev/speed
y[2] = /jointset/r_elbow/r_elbow_flex/value
y[3] = /jointset/r_elbow/r_elbow_flex/speed
y[4] = /forceset/TRIlong/activation
y[5] = /forceset/TRIlong/fiber_length
y[6] = /forceset/TRIlat/activation
y[7] = /forceset/TRIlat/fiber_length
y[8] = /forceset/TRImed/activation
y[9] = /forceset/TRImed/fiber_length
y[10] = /forceset/BIClong/activation
y[11] = /forceset/BIClong/fiber_length
y[12] = /forceset/BICshort/activation
y[13] = /forceset/BICshort/fiber_length
y[14] = /forceset/BRA/activation
y[15] = /forceset/BRA/fiber_length

[2021-07-15 16:06:34.438] [info] Integrating from 0.03 to 0.04.
[2021-07-15 16:06:34.464] [info] Printing results of investigation arm26 to SS_Results
[2021-07-15 16:06:35.480] [warning] Running tool arm26...
[2021-07-15 16:06:35.481] [info] No external loads will be applied (external loads file not specified).
[2021-07-15 16:06:35.487] [info] Storage: read data file = C:\Users\Jaxton\OneDrive\controlled-movement\single_step_controls.sto (nr=1 nc=9)
[2021-07-15 16:06:35.487] [warning] ControlSetController::extendFinalizeFromProperties 'C:\Users\Jaxton\OneDrive\controlled-movement\single_step_controls.sto' loaded and will replace existing ControlSet 'Control Set'.
[2021-07-15 16:06:35.492] [cout] [info] MODEL: arm26

numStates = 16
numCoordinates = 2
numSpeeds = 2
numActuators = 8
numBodies = 3
numConstraints = 0
numProbes = 0

ANALYSES (total: 0)

BODIES (total: 3)
body[0] = base. mass: 0
              moments of inertia:  ~[0,0,0]
              products of inertia: ~[0,0,0]
body[1] = r_humerus. mass: 1.86457
              moments of inertia:  ~[0.01481,0.004551,0.013193]
              products of inertia: ~[0,0,0]
body[2] = r_ulna_radius_hand. mass: 1.53432
              moments of inertia:  ~[0.019281,0.001571,0.020062]
              products of inertia: ~[0,0,0]

JOINTS (total: 3)
joint[0] = offset. parent: ground_offset, child: base_offset
joint[1] = r_shoulder. parent: base_offset, child: r_humerus_offset
joint[2] = r_elbow. parent: r_humerus_offset, child: r_ulna_radius_hand_offset

ACTUATORS (total: 8)
actuator[0] = TRIlong
actuator[1] = TRIlat
actuator[2] = TRImed
actuator[3] = BIClong
actuator[4] = BICshort
actuator[5] = BRA
actuator[6] = r_shoulder_elev_reserve
actuator[7] = r_elbow_flex_reserve

STATES (total: 16)
y[0] = /jointset/r_shoulder/r_shoulder_elev/value
y[1] = /jointset/r_shoulder/r_shoulder_elev/speed
y[2] = /jointset/r_elbow/r_elbow_flex/value
y[3] = /jointset/r_elbow/r_elbow_flex/speed
y[4] = /forceset/TRIlong/activation
y[5] = /forceset/TRIlong/fiber_length
y[6] = /forceset/TRIlat/activation
y[7] = /forceset/TRIlat/fiber_length
y[8] = /forceset/TRImed/activation
y[9] = /forceset/TRImed/fiber_length
y[10] = /forceset/BIClong/activation
y[11] = /forceset/BIClong/fiber_length
y[12] = /forceset/BICshort/activation
y[13] = /forceset/BICshort/fiber_length
y[14] = /forceset/BRA/activation
y[15] = /forceset/BRA/fiber_length

[2021-07-15 16:06:35.492] [info] Integrating from 0.04 to 0.05.
[2021-07-15 16:06:35.580] [info] Printing results of investigation arm26 to SS_Results
[2021-07-15 16:06:36.304] [warning] Running tool arm26...
[2021-07-15 16:06:36.304] [info] No external loads will be applied (external loads file not specified).
[2021-07-15 16:06:36.311] [info] Storage: read data file = C:\Users\Jaxton\OneDrive\controlled-movement\single_step_controls.sto (nr=1 nc=9)
[2021-07-15 16:06:36.311] [warning] ControlSetController::extendFinalizeFromProperties 'C:\Users\Jaxton\OneDrive\controlled-movement\single_step_controls.sto' loaded and will replace existing ControlSet 'Control Set'.
[2021-07-15 16:06:36.315] [cout] [info] MODEL: arm26

numStates = 16
numCoordinates = 2
numSpeeds = 2
numActuators = 8
numBodies = 3
numConstraints = 0
numProbes = 0

ANALYSES (total: 0)

BODIES (total: 3)
body[0] = base. mass: 0
              moments of inertia:  ~[0,0,0]
              products of inertia: ~[0,0,0]
body[1] = r_humerus. mass: 1.86457
              moments of inertia:  ~[0.01481,0.004551,0.013193]
              products of inertia: ~[0,0,0]
body[2] = r_ulna_radius_hand. mass: 1.53432
              moments of inertia:  ~[0.019281,0.001571,0.020062]
              products of inertia: ~[0,0,0]

JOINTS (total: 3)
joint[0] = offset. parent: ground_offset, child: base_offset
joint[1] = r_shoulder. parent: base_offset, child: r_humerus_offset
joint[2] = r_elbow. parent: r_humerus_offset, child: r_ulna_radius_hand_offset

ACTUATORS (total: 8)
actuator[0] = TRIlong
actuator[1] = TRIlat
actuator[2] = TRImed
actuator[3] = BIClong
actuator[4] = BICshort
actuator[5] = BRA
actuator[6] = r_shoulder_elev_reserve
actuator[7] = r_elbow_flex_reserve

STATES (total: 16)
y[0] = /jointset/r_shoulder/r_shoulder_elev/value
y[1] = /jointset/r_shoulder/r_shoulder_elev/speed
y[2] = /jointset/r_elbow/r_elbow_flex/value
y[3] = /jointset/r_elbow/r_elbow_flex/speed
y[4] = /forceset/TRIlong/activation
y[5] = /forceset/TRIlong/fiber_length
y[6] = /forceset/TRIlat/activation
y[7] = /forceset/TRIlat/fiber_length
y[8] = /forceset/TRImed/activation
y[9] = /forceset/TRImed/fiber_length
y[10] = /forceset/BIClong/activation
y[11] = /forceset/BIClong/fiber_length
y[12] = /forceset/BICshort/activation
y[13] = /forceset/BICshort/fiber_length
y[14] = /forceset/BRA/activation
y[15] = /forceset/BRA/fiber_length

[2021-07-15 16:06:36.315] [info] Integrating from 0.05 to 0.06.
[2021-07-15 16:06:36.367] [info] Printing results of investigation arm26 to SS_Results
[2021-07-15 16:06:37.230] [warning] Running tool arm26...
[2021-07-15 16:06:37.230] [info] No external loads will be applied (external loads file not specified).
[2021-07-15 16:06:37.236] [info] Storage: read data file = C:\Users\Jaxton\OneDrive\controlled-movement\single_step_controls.sto (nr=1 nc=9)
[2021-07-15 16:06:37.236] [warning] ControlSetController::extendFinalizeFromProperties 'C:\Users\Jaxton\OneDrive\controlled-movement\single_step_controls.sto' loaded and will replace existing ControlSet 'Control Set'.
[2021-07-15 16:06:37.241] [cout] [info] MODEL: arm26

numStates = 16
numCoordinates = 2
numSpeeds = 2
numActuators = 8
numBodies = 3
numConstraints = 0
numProbes = 0

ANALYSES (total: 0)

BODIES (total: 3)
body[0] = base. mass: 0
              moments of inertia:  ~[0,0,0]
              products of inertia: ~[0,0,0]
body[1] = r_humerus. mass: 1.86457
              moments of inertia:  ~[0.01481,0.004551,0.013193]
              products of inertia: ~[0,0,0]
body[2] = r_ulna_radius_hand. mass: 1.53432
              moments of inertia:  ~[0.019281,0.001571,0.020062]
              products of inertia: ~[0,0,0]

JOINTS (total: 3)
joint[0] = offset. parent: ground_offset, child: base_offset
joint[1] = r_shoulder. parent: base_offset, child: r_humerus_offset
joint[2] = r_elbow. parent: r_humerus_offset, child: r_ulna_radius_hand_offset

ACTUATORS (total: 8)
actuator[0] = TRIlong
actuator[1] = TRIlat
actuator[2] = TRImed
actuator[3] = BIClong
actuator[4] = BICshort
actuator[5] = BRA
actuator[6] = r_shoulder_elev_reserve
actuator[7] = r_elbow_flex_reserve

STATES (total: 16)
y[0] = /jointset/r_shoulder/r_shoulder_elev/value
y[1] = /jointset/r_shoulder/r_shoulder_elev/speed
y[2] = /jointset/r_elbow/r_elbow_flex/value
y[3] = /jointset/r_elbow/r_elbow_flex/speed
y[4] = /forceset/TRIlong/activation
y[5] = /forceset/TRIlong/fiber_length
y[6] = /forceset/TRIlat/activation
y[7] = /forceset/TRIlat/fiber_length
y[8] = /forceset/TRImed/activation
y[9] = /forceset/TRImed/fiber_length
y[10] = /forceset/BIClong/activation
y[11] = /forceset/BIClong/fiber_length
y[12] = /forceset/BICshort/activation
y[13] = /forceset/BICshort/fiber_length
y[14] = /forceset/BRA/activation
y[15] = /forceset/BRA/fiber_length

[2021-07-15 16:06:37.241] [info] Integrating from 0.06 to 0.07.
[2021-07-15 16:06:37.293] [info] Printing results of investigation arm26 to SS_Results
[2021-07-15 16:06:38.634] [warning] Running tool arm26...
[2021-07-15 16:06:38.634] [info] No external loads will be applied (external loads file not specified).
[2021-07-15 16:06:38.641] [info] Storage: read data file = C:\Users\Jaxton\OneDrive\controlled-movement\single_step_controls.sto (nr=1 nc=9)
[2021-07-15 16:06:38.641] [warning] ControlSetController::extendFinalizeFromProperties 'C:\Users\Jaxton\OneDrive\controlled-movement\single_step_controls.sto' loaded and will replace existing ControlSet 'Control Set'.
[2021-07-15 16:06:38.645] [cout] [info] MODEL: arm26

numStates = 16
numCoordinates = 2
numSpeeds = 2
numActuators = 8
numBodies = 3
numConstraints = 0
numProbes = 0

ANALYSES (total: 0)

BODIES (total: 3)
body[0] = base. mass: 0
              moments of inertia:  ~[0,0,0]
              products of inertia: ~[0,0,0]
body[1] = r_humerus. mass: 1.86457
              moments of inertia:  ~[0.01481,0.004551,0.013193]
              products of inertia: ~[0,0,0]
body[2] = r_ulna_radius_hand. mass: 1.53432
              moments of inertia:  ~[0.019281,0.001571,0.020062]
              products of inertia: ~[0,0,0]

JOINTS (total: 3)
joint[0] = offset. parent: ground_offset, child: base_offset
joint[1] = r_shoulder. parent: base_offset, child: r_humerus_offset
joint[2] = r_elbow. parent: r_humerus_offset, child: r_ulna_radius_hand_offset

ACTUATORS (total: 8)
actuator[0] = TRIlong
actuator[1] = TRIlat
actuator[2] = TRImed
actuator[3] = BIClong
actuator[4] = BICshort
actuator[5] = BRA
actuator[6] = r_shoulder_elev_reserve
actuator[7] = r_elbow_flex_reserve

STATES (total: 16)
y[0] = /jointset/r_shoulder/r_shoulder_elev/value
y[1] = /jointset/r_shoulder/r_shoulder_elev/speed
y[2] = /jointset/r_elbow/r_elbow_flex/value
y[3] = /jointset/r_elbow/r_elbow_flex/speed
y[4] = /forceset/TRIlong/activation
y[5] = /forceset/TRIlong/fiber_length
y[6] = /forceset/TRIlat/activation
y[7] = /forceset/TRIlat/fiber_length
y[8] = /forceset/TRImed/activation
y[9] = /forceset/TRImed/fiber_length
y[10] = /forceset/BIClong/activation
y[11] = /forceset/BIClong/fiber_length
y[12] = /forceset/BICshort/activation
y[13] = /forceset/BICshort/fiber_length
y[14] = /forceset/BRA/activation
y[15] = /forceset/BRA/fiber_length

[2021-07-15 16:06:38.645] [info] Integrating from 0.07 to 0.08.
[2021-07-15 16:06:38.737] [info] Printing results of investigation arm26 to SS_Results
[2021-07-15 16:06:39.385] [warning] Running tool arm26...
[2021-07-15 16:06:39.385] [info] No external loads will be applied (external loads file not specified).
[2021-07-15 16:06:39.393] [info] Storage: read data file = C:\Users\Jaxton\OneDrive\controlled-movement\single_step_controls.sto (nr=1 nc=9)
[2021-07-15 16:06:39.393] [warning] ControlSetController::extendFinalizeFromProperties 'C:\Users\Jaxton\OneDrive\controlled-movement\single_step_controls.sto' loaded and will replace existing ControlSet 'Control Set'.
[2021-07-15 16:06:39.398] [cout] [info] MODEL: arm26

numStates = 16
numCoordinates = 2
numSpeeds = 2
numActuators = 8
numBodies = 3
numConstraints = 0
numProbes = 0

ANALYSES (total: 0)

BODIES (total: 3)
body[0] = base. mass: 0
              moments of inertia:  ~[0,0,0]
              products of inertia: ~[0,0,0]
body[1] = r_humerus. mass: 1.86457
              moments of inertia:  ~[0.01481,0.004551,0.013193]
              products of inertia: ~[0,0,0]
body[2] = r_ulna_radius_hand. mass: 1.53432
              moments of inertia:  ~[0.019281,0.001571,0.020062]
              products of inertia: ~[0,0,0]

JOINTS (total: 3)
joint[0] = offset. parent: ground_offset, child: base_offset
joint[1] = r_shoulder. parent: base_offset, child: r_humerus_offset
joint[2] = r_elbow. parent: r_humerus_offset, child: r_ulna_radius_hand_offset

ACTUATORS (total: 8)
actuator[0] = TRIlong
actuator[1] = TRIlat
actuator[2] = TRImed
actuator[3] = BIClong
actuator[4] = BICshort
actuator[5] = BRA
actuator[6] = r_shoulder_elev_reserve
actuator[7] = r_elbow_flex_reserve

STATES (total: 16)
y[0] = /jointset/r_shoulder/r_shoulder_elev/value
y[1] = /jointset/r_shoulder/r_shoulder_elev/speed
y[2] = /jointset/r_elbow/r_elbow_flex/value
y[3] = /jointset/r_elbow/r_elbow_flex/speed
y[4] = /forceset/TRIlong/activation
y[5] = /forceset/TRIlong/fiber_length
y[6] = /forceset/TRIlat/activation
y[7] = /forceset/TRIlat/fiber_length
y[8] = /forceset/TRImed/activation
y[9] = /forceset/TRImed/fiber_length
y[10] = /forceset/BIClong/activation
y[11] = /forceset/BIClong/fiber_length
y[12] = /forceset/BICshort/activation
y[13] = /forceset/BICshort/fiber_length
y[14] = /forceset/BRA/activation
y[15] = /forceset/BRA/fiber_length

[2021-07-15 16:06:39.398] [info] Integrating from 0.08 to 0.09.
[2021-07-15 16:06:39.476] [info] Printing results of investigation arm26 to SS_Results
